<!DOCTYPE html PUBLIC "-//W3C//DTD XHTML 1.1//EN" "https://www.w3.org/TR/xhtml11/DTD/xhtml11.dtd">
<html xmlns="https://www.w3.org/1999/xhtml">
<head>
<meta http-equiv="content-type" content="text/html; charset=UTF-8"/>
<title>TestNG Report</title>
<style type="text/css">table {margin-bottom:10px;border-collapse:collapse;empty-cells:show}th,td {border:1px solid #009;padding:.25em .5em}th {vertical-align:bottom}td {vertical-align:top}table a {font-weight:bold}.stripe td {background-color: #E6EBF9}.num {text-align:right}.passedodd td {background-color: #3F3}.passedeven td {background-color: #0A0}.skippedodd td {background-color: #DDD}.skippedeven td {background-color: #CCC}.failedodd td,.attn {background-color: #F33}.failedeven td,.stripe .attn {background-color: #D00}.stacktrace {white-space:pre;font-family:monospace}.totop {font-size:85%;text-align:center;border-bottom:2px solid #000}.invisible {display:none}</style>
</head>
<body>
<table>
<tr><th>Test</th><th># Passed</th><th># Skipped</th><th># Retried</th><th># Failed</th><th>Time (ms)</th><th>Included Groups</th><th>Excluded Groups</th></tr>
<tr><th colspan="8">PaymentFlowSuite</th></tr>
<tr><td><a href="#t0">PaymentFlowTest</a></td><td class="num">1</td><td class="num">0</td><td class="num">0</td><td class="num attn">2</td><td class="num">130,901</td><td></td><td></td></tr>
</table>
<table id='summary'><thead><tr><th>Class</th><th>Method</th><th>Start</th><th>Time (ms)</th></tr></thead><tbody><tr><th colspan="4">PaymentFlowSuite</th></tr></tbody><tbody id="t0"><tr><th colspan="4">PaymentFlowTest &#8212; failed</th></tr><tr class="failedeven"><td rowspan="2">TestSuite.PaymentFlowTests</td><td><a href="#m0">payment</a></td><td rowspan="2">1750613094172</td><td rowspan="2">3677</td></tr><tr class="failedeven"><td><a href="#m1">payment</a></td></tr><tr><th colspan="4">PaymentFlowTest &#8212; passed</th></tr><tr class="passedeven"><td rowspan="1">TestSuite.PaymentFlowTests</td><td><a href="#m2">payment</a></td><td rowspan="1">1750613029770</td><td rowspan="1">62899</td></tr></tbody>
</table>
<h2>PaymentFlowTest</h2><h3 id="m0">TestSuite.PaymentFlowTests#payment</h3><table class="result"><tr class="param"><th>Parameter #1</th><th>Parameter #2</th><th>Parameter #3</th></tr><tr class="param stripe"><td>0</td><td>{firstName=Test, lastName=User, zipCode=90001, country=Egypt, address=123 someAddress st, phoneNumber=1234567890, province=, city=Testville, email=test.user@example.com}</td><td>https://magento.softwaretestingboard.com/checkout/onepage/success/</td></tr><tr><th colspan="3">Exception</th></tr><tr><td colspan="3"><div class="stacktrace">java.lang.AssertionError: Expected text to contain: &quot;You added&quot;, but got: &quot;The requested qty is not available&quot; expected [true] but found [false]
	at Pages.BasePage.assertTextContains(BasePage.java:86)
	at TestSuite.PaymentFlowTests.payment(PaymentFlowTests.java:50)
	at java.base/java.util.ArrayList.forEach(ArrayList.java:1596)
	at com.intellij.rt.testng.IDEARemoteTestNG.run(IDEARemoteTestNG.java:65)
	at com.intellij.rt.testng.RemoteTestNGStarter.main(RemoteTestNGStarter.java:105)
... Removed 25 stack frames</div></td></tr></table><p class="totop"><a href="#summary">back to summary</a></p>
<h3 id="m1">TestSuite.PaymentFlowTests#payment</h3><table class="result"><tr class="param"><th>Parameter #1</th><th>Parameter #2</th><th>Parameter #3</th></tr><tr class="param stripe"><td>1</td><td>{firstName=Test, lastName=User, zipCode=90001, country=Egypt, address=123 someAddress st, phoneNumber=1234567890, province=, city=Testville, email=test.user@example.com}</td><td>https://magento.softwaretestingboard.com/checkout/#shipping/</td></tr><tr><th colspan="3">Exception</th></tr><tr><td colspan="3"><div class="stacktrace">java.lang.AssertionError: URL did not match within timeout.
Expected: &quot;https://magento.softwaretestingboard.com/checkout/#shipping/&quot;
Actual:   &quot;https://magento.softwaretestingboard.com/checkout/onepage/success/&quot;
	at Pages.BasePage.assertURLMatches(BasePage.java:96)
	at TestSuite.PaymentFlowTests.payment(PaymentFlowTests.java:55)
	at java.base/java.util.ArrayList.forEach(ArrayList.java:1596)
	at com.intellij.rt.testng.IDEARemoteTestNG.run(IDEARemoteTestNG.java:65)
	at com.intellij.rt.testng.RemoteTestNGStarter.main(RemoteTestNGStarter.java:105)
... Removed 23 stack frames</div></td></tr></table><p class="totop"><a href="#summary">back to summary</a></p>
<h3 id="m2">TestSuite.PaymentFlowTests#payment</h3><table class="result"><tr class="param"><th>Parameter #1</th><th>Parameter #2</th><th>Parameter #3</th></tr><tr class="param stripe"><td>1</td><td>{firstName=Test, lastName=User, zipCode=90001, country=Egypt, address=123 someAddress st, phoneNumber=1234567890, province=, city=Testville, email=test.user@example.com}</td><td>https://magento.softwaretestingboard.com/checkout/onepage/success/</td></tr></table><p class="totop"><a href="#summary">back to summary</a></p>
</body>
</html>
