<?xml version="1.0" encoding="UTF-8"?>
<!-- Generated by org.testng.reporters.JUnitXMLReporter -->
<testsuite ignored="0" hostname="DESKTOP-9C7SB85" failures="2" tests="3" name="PaymentFlowTest" time="130.901" errors="0" timestamp="2025-06-22T20:25:25 EEST">
  <testcase classname="TestSuite.PaymentFlowTests" name="payment" time="62.899"/>
  <testcase classname="TestSuite.PaymentFlowTests" name="payment" time="3.677">
    <failure type="java.lang.AssertionError" message="Expected text to contain: &amp;quot;You added&amp;quot;, but got: &amp;quot;The requested qty is not available&amp;quot; expected [true] but found [false]">
      <![CDATA[java.lang.AssertionError: Expected text to contain: "You added", but got: "The requested qty is not available" expected [true] but found [false]
at Pages.BasePage.assertTextContains(BasePage.java:86)
at TestSuite.PaymentFlowTests.payment(PaymentFlowTests.java:50)
at java.base/java.util.ArrayList.forEach(ArrayList.java:1596)
at com.intellij.rt.testng.IDEARemoteTestNG.run(IDEARemoteTestNG.java:65)
at com.intellij.rt.testng.RemoteTestNGStarter.main(RemoteTestNGStarter.java:105)
... Removed 25 stack frames]]>
    </failure>
  </testcase> <!-- payment -->
  <testcase classname="TestSuite.PaymentFlowTests" name="payment" time="25.888">
    <failure type="java.lang.AssertionError" message="URL did not match within timeout.
Expected: &amp;quot;https://magento.softwaretestingboard.com/checkout/#shipping/&amp;quot;
Actual:   &amp;quot;https://magento.softwaretestingboard.com/checkout/onepage/success/&amp;quot;">
      <![CDATA[java.lang.AssertionError: URL did not match within timeout.
Expected: "https://magento.softwaretestingboard.com/checkout/#shipping/"
Actual:   "https://magento.softwaretestingboard.com/checkout/onepage/success/"
at Pages.BasePage.assertURLMatches(BasePage.java:96)
at TestSuite.PaymentFlowTests.payment(PaymentFlowTests.java:55)
at java.base/java.util.ArrayList.forEach(ArrayList.java:1596)
at com.intellij.rt.testng.IDEARemoteTestNG.run(IDEARemoteTestNG.java:65)
at com.intellij.rt.testng.RemoteTestNGStarter.main(RemoteTestNGStarter.java:105)
... Removed 23 stack frames]]>
    </failure>
  </testcase> <!-- payment -->
</testsuite> <!-- PaymentFlowTest -->
